  Source.c
C:\Users\Administrator\source\repos\SDD2024\Seminar_10\Sem9SDD_1062\Source.c(23,39): warning C4013: 'strlen' undefined; assuming extern returning int
C:\Users\Administrator\source\repos\SDD2024\Seminar_10\Sem9SDD_1062\Source.c(25,8): warning C4013: 'strcpy' undefined; assuming extern returning int
C:\Users\Administrator\source\repos\SDD2024\Seminar_10\Sem9SDD_1062\Source.c(28,18): warning C4133: '=': incompatible types - from 'nodArb *' to 'nodArb *'
C:\Users\Administrator\source\repos\SDD2024\Seminar_10\Sem9SDD_1062\Source.c(29,19): warning C4133: '=': incompatible types - from 'nodArb *' to 'nodArb *'
C:\Users\Administrator\source\repos\SDD2024\Seminar_10\Sem9SDD_1062\Source.c(39,41): warning C4133: 'function': incompatible types - from 'nodArb *' to 'nodArb *'
C:\Users\Administrator\source\repos\SDD2024\Seminar_10\Sem9SDD_1062\Source.c(39,45): warning C4133: '=': incompatible types - from 'nodArb *' to 'nodArb *'
C:\Users\Administrator\source\repos\SDD2024\Seminar_10\Sem9SDD_1062\Source.c(45,44): warning C4133: 'function': incompatible types - from 'nodArb *' to 'nodArb *'
C:\Users\Administrator\source\repos\SDD2024\Seminar_10\Sem9SDD_1062\Source.c(45,48): warning C4133: '=': incompatible types - from 'nodArb *' to 'nodArb *'
C:\Users\Administrator\source\repos\SDD2024\Seminar_10\Sem9SDD_1062\Source.c(62,24): warning C4133: 'function': incompatible types - from 'nodArb *' to 'nodArb *'
C:\Users\Administrator\source\repos\SDD2024\Seminar_10\Sem9SDD_1062\Source.c(63,25): warning C4133: 'function': incompatible types - from 'nodArb *' to 'nodArb *'
C:\Users\Administrator\source\repos\SDD2024\Seminar_10\Sem9SDD_1062\Source.c(71,23): warning C4133: 'function': incompatible types - from 'nodArb *' to 'nodArb *'
C:\Users\Administrator\source\repos\SDD2024\Seminar_10\Sem9SDD_1062\Source.c(75,24): warning C4133: 'function': incompatible types - from 'nodArb *' to 'nodArb *'
C:\Users\Administrator\source\repos\SDD2024\Seminar_10\Sem9SDD_1062\Source.c(83,25): warning C4133: 'function': incompatible types - from 'nodArb *' to 'nodArb *'
C:\Users\Administrator\source\repos\SDD2024\Seminar_10\Sem9SDD_1062\Source.c(84,26): warning C4133: 'function': incompatible types - from 'nodArb *' to 'nodArb *'
C:\Users\Administrator\source\repos\SDD2024\Seminar_10\Sem9SDD_1062\Source.c(102,25): warning C4133: 'function': incompatible types - from 'nodArb *' to 'nodArb *'
C:\Users\Administrator\source\repos\SDD2024\Seminar_10\Sem9SDD_1062\Source.c(103,26): warning C4133: 'function': incompatible types - from 'nodArb *' to 'nodArb *'
C:\Users\Administrator\source\repos\SDD2024\Seminar_10\Sem9SDD_1062\Source.c(115,30): warning C4133: 'function': incompatible types - from 'nodArb *' to 'nodArb *'
C:\Users\Administrator\source\repos\SDD2024\Seminar_10\Sem9SDD_1062\Source.c(116,31): warning C4133: 'function': incompatible types - from 'nodArb *' to 'nodArb *'
C:\Users\Administrator\source\repos\SDD2024\Seminar_10\Sem9SDD_1062\Source.c(125,35): warning C4133: 'function': incompatible types - from 'nodArb *' to 'nodArb *'
C:\Users\Administrator\source\repos\SDD2024\Seminar_10\Sem9SDD_1062\Source.c(126,36): warning C4133: 'function': incompatible types - from 'nodArb *' to 'nodArb *'
C:\Users\Administrator\source\repos\SDD2024\Seminar_10\Sem9SDD_1062\Source.c(142,40): warning C4133: 'function': incompatible types - from 'nodArb *' to 'nodArb *'
C:\Users\Administrator\source\repos\SDD2024\Seminar_10\Sem9SDD_1062\Source.c(143,41): warning C4133: 'function': incompatible types - from 'nodArb *' to 'nodArb *'
C:\Users\Administrator\source\repos\SDD2024\Seminar_10\Sem9SDD_1062\Source.c(158,46): warning C4133: 'function': incompatible types - from 'nodArb *' to 'nodArb *'
C:\Users\Administrator\source\repos\SDD2024\Seminar_10\Sem9SDD_1062\Source.c(159,31): warning C4133: 'function': incompatible types - from 'nodArb *' to 'nodArb *'
C:\Users\Administrator\source\repos\SDD2024\Seminar_10\Sem9SDD_1062\Source.c(172,31): warning C4133: 'function': incompatible types - from 'nodArb *' to 'nodArb *'
C:\Users\Administrator\source\repos\SDD2024\Seminar_10\Sem9SDD_1062\Source.c(174,32): warning C4133: 'function': incompatible types - from 'nodArb *' to 'nodArb *'
C:\Users\Administrator\source\repos\SDD2024\Seminar_10\Sem9SDD_1062\Source.c(185,20): warning C4133: '=': incompatible types - from 'nodArb *' to 'nodArb *'
C:\Users\Administrator\source\repos\SDD2024\Seminar_10\Sem9SDD_1062\Source.c(190,25): warning C4133: '=': incompatible types - from 'nodArb *' to 'nodArb *'
C:\Users\Administrator\source\repos\SDD2024\Seminar_10\Sem9SDD_1062\Source.c(196,22): warning C4133: '=': incompatible types - from 'nodArb *' to 'nodArb *'
C:\Users\Administrator\source\repos\SDD2024\Seminar_10\Sem9SDD_1062\Source.c(188,1): warning C4133: 'initializing': incompatible types - from 'nodArb *' to 'nodArb *'
C:\Users\Administrator\source\repos\SDD2024\Seminar_10\Sem9SDD_1062\Source.c(212,40): warning C4133: 'function': incompatible types - from 'nodArb *' to 'nodArb *'
C:\Users\Administrator\source\repos\SDD2024\Seminar_10\Sem9SDD_1062\Source.c(212,48): warning C4133: '=': incompatible types - from 'nodArb *' to 'nodArb *'
C:\Users\Administrator\source\repos\SDD2024\Seminar_10\Sem9SDD_1062\Source.c(214,42): warning C4133: 'function': incompatible types - from 'nodArb *' to 'nodArb *'
C:\Users\Administrator\source\repos\SDD2024\Seminar_10\Sem9SDD_1062\Source.c(214,50): warning C4133: '=': incompatible types - from 'nodArb *' to 'nodArb *'
C:\Users\Administrator\source\repos\SDD2024\Seminar_10\Sem9SDD_1062\Source.c(225,40): warning C4133: 'function': incompatible types - from 'nodArb *' to 'nodArb *'
C:\Users\Administrator\source\repos\SDD2024\Seminar_10\Sem9SDD_1062\Source.c(225,70): warning C4133: 'function': incompatible types - from 'nodArb *' to 'nodArb *'
C:\Users\Administrator\source\repos\SDD2024\Seminar_10\Sem9SDD_1062\Source.c(226,23): warning C4133: 'function': incompatible types - from 'nodArb *' to 'nodArb *'
C:\Users\Administrator\source\repos\SDD2024\Seminar_10\Sem9SDD_1062\Source.c(227,24): warning C4133: 'function': incompatible types - from 'nodArb *' to 'nodArb *'
C:\Users\Administrator\source\repos\SDD2024\Seminar_10\Sem9SDD_1062\Source.c(236,21): warning C4133: '=': incompatible types - from 'nodArb *' to 'nodArb *'
C:\Users\Administrator\source\repos\SDD2024\Seminar_10\Sem9SDD_1062\Source.c(234,1): warning C4133: 'initializing': incompatible types - from 'nodArb *' to 'nodArb *'
C:\Users\Administrator\source\repos\SDD2024\Seminar_10\Sem9SDD_1062\Source.c(246,20): warning C4133: '=': incompatible types - from 'nodArb *' to 'nodArb *'
C:\Users\Administrator\source\repos\SDD2024\Seminar_10\Sem9SDD_1062\Source.c(244,1): warning C4133: 'initializing': incompatible types - from 'nodArb *' to 'nodArb *'
C:\Users\Administrator\source\repos\SDD2024\Seminar_10\Sem9SDD_1062\Source.c(257,21): warning C4133: '=': incompatible types - from 'nodArb *' to 'nodArb *'
C:\Users\Administrator\source\repos\SDD2024\Seminar_10\Sem9SDD_1062\Source.c(259,21): warning C4133: '=': incompatible types - from 'nodArb *' to 'nodArb *'
C:\Users\Administrator\source\repos\SDD2024\Seminar_10\Sem9SDD_1062\Source.c(254,1): warning C4133: 'initializing': incompatible types - from 'nodArb *' to 'nodArb *'
C:\Users\Administrator\source\repos\SDD2024\Seminar_10\Sem9SDD_1062\Source.c(255,1): warning C4133: 'initializing': incompatible types - from 'nodArb *' to 'nodArb *'
C:\Users\Administrator\source\repos\SDD2024\Seminar_10\Sem9SDD_1062\Source.c(270,22): warning C4133: '=': incompatible types - from 'nodArb *' to 'nodArb *'
C:\Users\Administrator\source\repos\SDD2024\Seminar_10\Sem9SDD_1062\Source.c(272,20): warning C4133: '=': incompatible types - from 'nodArb *' to 'nodArb *'
C:\Users\Administrator\source\repos\SDD2024\Seminar_10\Sem9SDD_1062\Source.c(267,1): warning C4133: 'initializing': incompatible types - from 'nodArb *' to 'nodArb *'
C:\Users\Administrator\source\repos\SDD2024\Seminar_10\Sem9SDD_1062\Source.c(268,1): warning C4133: 'initializing': incompatible types - from 'nodArb *' to 'nodArb *'
C:\Users\Administrator\source\repos\SDD2024\Seminar_10\Sem9SDD_1062\Source.c(280,1): warning C4133: 'initializing': incompatible types - from 'nodArb *' to 'nodArb *'
C:\Users\Administrator\source\repos\SDD2024\Seminar_10\Sem9SDD_1062\Source.c(281,1): warning C4133: 'initializing': incompatible types - from 'nodArb *' to 'nodArb *'
C:\Users\Administrator\source\repos\SDD2024\Seminar_10\Sem9SDD_1062\Source.c(337,23): warning C4133: 'function': incompatible types - from 'nodArb *' to 'nodArb *'
C:\Users\Administrator\source\repos\SDD2024\Seminar_10\Sem9SDD_1062\Source.c(340,24): warning C4133: 'function': incompatible types - from 'nodArb *' to 'nodArb *'
C:\Users\Administrator\source\repos\SDD2024\Seminar_10\Sem9SDD_1062\Source.c(364,70): warning C4133: 'function': incompatible types - from 'nodArb *' to 'nodArb *'
C:\Users\Administrator\source\repos\SDD2024\Seminar_10\Sem9SDD_1062\Source.c(365,71): warning C4133: 'function': incompatible types - from 'nodArb *' to 'nodArb *'
C:\Users\Administrator\source\repos\SDD2024\Seminar_10\Sem9SDD_1062\Source.c(372,10): warning C4129: 'P': unrecognized character escape sequence
  Sem9SDD_1062.vcxproj -> C:\Users\Administrator\source\repos\SDD2024\Seminar_10\Sem9SDD_1062\x64\Debug\Sem9SDD_1062.exe
